<?xml version="1.0" encoding="UTF-8"?>
<!-- Generated by org.testng.reporters.JUnitXMLReporter -->
<testsuite hostname="LP-13" name="ApplicationCrashIssue" tests="2" failures="0" timestamp="11 Aug 2015 05:22:32 GMT" time="121.231" errors="0">
  <testcase name="appCrashDuringReviewLogin" time="30.772" classname="BugRegressionSuite.ApplicationCrashIssue"/>
  <testcase name="executeTestCase" time="22.784" classname="BugRegressionSuite.ApplicationCrashIssue"/>
</testsuite> <!-- ApplicationCrashIssue -->
