<?xml version="1.0" encoding="UTF-8"?>
<!-- Generated by org.testng.reporters.JUnitXMLReporter -->
<testsuite hostname="LP-13" name="SimilarProductsIssue" tests="3" failures="0" timestamp="11 Aug 2015 05:14:53 GMT" time="263.169" errors="0">
  <testcase name="executeTestCase" time="73.172" classname="BugRegressionSuite.SimilarProductsIssue"/>
  <testcase name="similarEurekaProductIssue" time="28.717" classname="BugRegressionSuite.SimilarProductsIssue"/>
  <testcase name="similarProductSamsungIssue" time="60.94" classname="BugRegressionSuite.SimilarProductsIssue"/>
</testsuite> <!-- SimilarProductsIssue -->
